<?xml version="1.0" encoding="UTF-8"?>
<testng-results skipped="0" failed="0" ignored="0" total="1" passed="1">
  <reporter-output>
    <line>
      <![CDATA[Successfully Launched Chrome Browser]]>
    </line>
    <line>
      <![CDATA[Browser window is maximized successfully]]>
    </line>
    <line>
      <![CDATA[Login page is displayed successfully]]>
    </line>
    <line>
      <![CDATA[hii]]>
    </line>
    <line>
      <![CDATA[Logged out successfully]]>
    </line>
  </reporter-output>
  <suite name="Default suite" duration-ms="11891" started-at="2021-08-28T18:26:00 EDT" finished-at="2021-08-28T18:26:12 EDT">
    <groups>
    </groups>
    <test name="Default test" duration-ms="11891" started-at="2021-08-28T18:26:00 EDT" finished-at="2021-08-28T18:26:12 EDT">
      <class name="swarna.TC_11Test">
        <test-method status="PASS" signature="openApplication(java.lang.String)[pri:0, instance:swarna.TC_11Test@3712b94]" name="openApplication" is-config="true" duration-ms="11129" started-at="2021-08-28T18:26:00 EDT" finished-at="2021-08-28T18:26:11 EDT">
          <params>
            <param index="0">
              <value>
                <![CDATA[chrome]]>
              </value>
            </param>
          </params>
          <reporter-output>
            <line>
              <![CDATA[Successfully Launched Chrome Browser]]>
            </line>
            <line>
              <![CDATA[Browser window is maximized successfully]]>
            </line>
            <line>
              <![CDATA[Login page is displayed successfully]]>
            </line>
          </reporter-output>
        </test-method> <!-- openApplication -->
        <test-method status="PASS" signature="loginWithInvalidCredentials()[pri:0, instance:swarna.TC_11Test@3712b94]" name="loginWithInvalidCredentials" duration-ms="8" started-at="2021-08-28T18:26:11 EDT" finished-at="2021-08-28T18:26:11 EDT">
          <reporter-output>
            <line>
              <![CDATA[hii]]>
            </line>
          </reporter-output>
        </test-method> <!-- loginWithInvalidCredentials -->
        <test-method status="PASS" signature="logoutFromApplication()[pri:0, instance:swarna.TC_11Test@3712b94]" name="logoutFromApplication" is-config="true" duration-ms="0" started-at="2021-08-28T18:26:11 EDT" finished-at="2021-08-28T18:26:11 EDT">
          <reporter-output>
            <line>
              <![CDATA[Logged out successfully]]>
            </line>
          </reporter-output>
        </test-method> <!-- logoutFromApplication -->
        <test-method status="PASS" signature="CloseApp()[pri:0, instance:swarna.TC_11Test@3712b94]" name="CloseApp" is-config="true" duration-ms="720" started-at="2021-08-28T18:26:11 EDT" finished-at="2021-08-28T18:26:12 EDT">
          <reporter-output>
          </reporter-output>
        </test-method> <!-- CloseApp -->
      </class> <!-- swarna.TC_11Test -->
    </test> <!-- Default test -->
  </suite> <!-- Default suite -->
</testng-results>
